-- Found ament_cmake: 1.3.3 (/opt/ros/humble/share/ament_cmake/cmake)
-- Found rclcpp: 16.0.3 (/opt/ros/humble/share/rclcpp/cmake)
-- Found rosidl_generator_c: 3.1.4 (/opt/ros/humble/share/rosidl_generator_c/cmake)
-- Found rosidl_adapter: 3.1.4 (/opt/ros/humble/share/rosidl_adapter/cmake)
-- Found rosidl_generator_cpp: 3.1.4 (/opt/ros/humble/share/rosidl_generator_cpp/cmake)
-- Using all available rosidl_typesupport_c: rosidl_typesupport_fastrtps_c;rosidl_typesupport_introspection_c
-- Using all available rosidl_typesupport_cpp: rosidl_typesupport_fastrtps_cpp;rosidl_typesupport_introspection_cpp
-- Found rmw_implementation_cmake: 6.1.1 (/opt/ros/humble/share/rmw_implementation_cmake/cmake)
-- Found rmw_fastrtps_cpp: 6.2.2 (/opt/ros/humble/share/rmw_fastrtps_cpp/cmake)
-- Found OpenSSL: /usr/lib/x86_64-linux-gnu/libcrypto.so (found version "3.0.2")  
-- Found FastRTPS: /opt/ros/humble/include  
-- Using RMW implementation 'rmw_fastrtps_cpp' as default
-- Looking for pthread.h
-- Looking for pthread.h - found
-- Performing Test CMAKE_HAVE_LIBC_PTHREAD
-- Performing Test CMAKE_HAVE_LIBC_PTHREAD - Success
-- Found Threads: TRUE  
-- Found sensor_msgs: 4.2.3 (/opt/ros/humble/share/sensor_msgs/cmake)
-- Found OpenCV: /usr/local (found version "4.6.0") 
-- Found cv_bridge: 3.2.1 (/opt/ros/humble/share/cv_bridge/cmake)
-- Found ament_lint_auto: 0.12.5 (/opt/ros/humble/share/ament_lint_auto/cmake)
-- Added test 'copyright' to check source files copyright and LICENSE
-- Added test 'cppcheck' to perform static code analysis on C / C++ code
-- Configured cppcheck include dirs: 
-- Configured cppcheck exclude dirs and/or files: 
-- Added test 'cpplint' to check C / C++ code against the Google style
-- Configured cpplint exclude dirs and/or files: 
-- Added test 'lint_cmake' to check CMake code style
-- Added test 'uncrustify' to check C / C++ code style
-- Configured uncrustify additional arguments: 
-- Added test 'xmllint' to check XML markup files
-- Configuring done
-- Generating done
-- Build files have been written to: /home/phmar/Documents/robotarm_package/build/robotarm_package
[ 50%] [32mBuilding CXX object CMakeFiles/image_subscriber.dir/src/image_subscriber.cpp.o[0m
[100%] [32m[1mLinking CXX executable image_subscriber[0m
/usr/bin/ld: warning: libopencv_imgcodecs.so.4.5d, needed by /opt/ros/humble/lib/libcv_bridge.so, may conflict with libopencv_imgcodecs.so.406
/usr/bin/ld: warning: libopencv_core.so.4.5d, needed by /opt/ros/humble/lib/libcv_bridge.so, may conflict with libopencv_core.so.406
[100%] Built target image_subscriber
-- Install configuration: ""
-- Installing: /home/phmar/Documents/robotarm_package/install/robotarm_package/lib/robotarm_package/image_subscriber
-- Set runtime path of "/home/phmar/Documents/robotarm_package/install/robotarm_package/lib/robotarm_package/image_subscriber" to ""
-- Up-to-date: /home/phmar/Documents/robotarm_package/install/robotarm_package/share/ament_index/resource_index/package_run_dependencies/robotarm_package
-- Up-to-date: /home/phmar/Documents/robotarm_package/install/robotarm_package/share/ament_index/resource_index/parent_prefix_path/robotarm_package
-- Up-to-date: /home/phmar/Documents/robotarm_package/install/robotarm_package/share/robotarm_package/environment/ament_prefix_path.sh
-- Installing: /home/phmar/Documents/robotarm_package/install/robotarm_package/share/robotarm_package/environment/ament_prefix_path.dsv
-- Up-to-date: /home/phmar/Documents/robotarm_package/install/robotarm_package/share/robotarm_package/environment/path.sh
-- Installing: /home/phmar/Documents/robotarm_package/install/robotarm_package/share/robotarm_package/environment/path.dsv
-- Up-to-date: /home/phmar/Documents/robotarm_package/install/robotarm_package/share/robotarm_package/local_setup.bash
-- Up-to-date: /home/phmar/Documents/robotarm_package/install/robotarm_package/share/robotarm_package/local_setup.sh
-- Up-to-date: /home/phmar/Documents/robotarm_package/install/robotarm_package/share/robotarm_package/local_setup.zsh
-- Installing: /home/phmar/Documents/robotarm_package/install/robotarm_package/share/robotarm_package/local_setup.dsv
-- Installing: /home/phmar/Documents/robotarm_package/install/robotarm_package/share/robotarm_package/package.dsv
-- Up-to-date: /home/phmar/Documents/robotarm_package/install/robotarm_package/share/ament_index/resource_index/packages/robotarm_package
-- Up-to-date: /home/phmar/Documents/robotarm_package/install/robotarm_package/share/robotarm_package/cmake/robotarm_packageConfig.cmake
-- Up-to-date: /home/phmar/Documents/robotarm_package/install/robotarm_package/share/robotarm_package/cmake/robotarm_packageConfig-version.cmake
-- Up-to-date: /home/phmar/Documents/robotarm_package/install/robotarm_package/share/robotarm_package/package.xml
