[0.039s] Invoking command in '/home/phmar/Documents/robotarm_package/build/robotarm_package': CMAKE_PREFIX_PATH=/opt/ros/humble /usr/bin/cmake --build /home/phmar/Documents/robotarm_package/build/robotarm_package -- -j8 -l8
[0.110s] -- Found ament_cmake: 1.3.3 (/opt/ros/humble/share/ament_cmake/cmake)
[0.356s] -- Found rclcpp: 16.0.3 (/opt/ros/humble/share/rclcpp/cmake)
[0.460s] -- Found rosidl_generator_c: 3.1.4 (/opt/ros/humble/share/rosidl_generator_c/cmake)
[0.468s] -- Found rosidl_adapter: 3.1.4 (/opt/ros/humble/share/rosidl_adapter/cmake)
[0.485s] -- Found rosidl_generator_cpp: 3.1.4 (/opt/ros/humble/share/rosidl_generator_cpp/cmake)
[0.513s] -- Using all available rosidl_typesupport_c: rosidl_typesupport_fastrtps_c;rosidl_typesupport_introspection_c
[0.552s] -- Using all available rosidl_typesupport_cpp: rosidl_typesupport_fastrtps_cpp;rosidl_typesupport_introspection_cpp
[0.693s] -- Found rmw_implementation_cmake: 6.1.1 (/opt/ros/humble/share/rmw_implementation_cmake/cmake)
[0.697s] -- Found rmw_fastrtps_cpp: 6.2.2 (/opt/ros/humble/share/rmw_fastrtps_cpp/cmake)
[0.840s] -- Found OpenSSL: /usr/lib/x86_64-linux-gnu/libcrypto.so (found version "3.0.2")  
[0.883s] -- Found FastRTPS: /opt/ros/humble/include  
[0.956s] -- Using RMW implementation 'rmw_fastrtps_cpp' as default
[0.972s] -- Looking for pthread.h
[1.096s] -- Looking for pthread.h - found
[1.096s] -- Performing Test CMAKE_HAVE_LIBC_PTHREAD
[1.191s] -- Performing Test CMAKE_HAVE_LIBC_PTHREAD - Success
[1.192s] -- Found Threads: TRUE  
[1.534s] -- Found sensor_msgs: 4.2.3 (/opt/ros/humble/share/sensor_msgs/cmake)
[1.831s] -- Found OpenCV: /usr/local (found version "4.6.0") 
[1.833s] -- Found cv_bridge: 3.2.1 (/opt/ros/humble/share/cv_bridge/cmake)
[1.847s] -- Found ament_lint_auto: 0.12.5 (/opt/ros/humble/share/ament_lint_auto/cmake)
[1.962s] -- Added test 'copyright' to check source files copyright and LICENSE
[1.964s] -- Added test 'cppcheck' to perform static code analysis on C / C++ code
[1.964s] -- Configured cppcheck include dirs: 
[1.964s] -- Configured cppcheck exclude dirs and/or files: 
[1.965s] -- Added test 'cpplint' to check C / C++ code against the Google style
[1.966s] -- Configured cpplint exclude dirs and/or files: 
[1.967s] -- Added test 'lint_cmake' to check CMake code style
[1.968s] -- Added test 'uncrustify' to check C / C++ code style
[1.968s] -- Configured uncrustify additional arguments: 
[1.969s] -- Added test 'xmllint' to check XML markup files
[1.970s] -- Configuring done
[1.990s] -- Generating done
[1.993s] -- Build files have been written to: /home/phmar/Documents/robotarm_package/build/robotarm_package
[2.034s] [ 50%] [32mBuilding CXX object CMakeFiles/image_subscriber.dir/src/image_subscriber.cpp.o[0m
[14.940s] [100%] [32m[1mLinking CXX executable image_subscriber[0m
[15.262s] /usr/bin/ld: warning: libopencv_imgcodecs.so.4.5d, needed by /opt/ros/humble/lib/libcv_bridge.so, may conflict with libopencv_imgcodecs.so.406
[15.264s] /usr/bin/ld: warning: libopencv_core.so.4.5d, needed by /opt/ros/humble/lib/libcv_bridge.so, may conflict with libopencv_core.so.406
[16.052s] [100%] Built target image_subscriber
[16.064s] Invoked command in '/home/phmar/Documents/robotarm_package/build/robotarm_package' returned '0': CMAKE_PREFIX_PATH=/opt/ros/humble /usr/bin/cmake --build /home/phmar/Documents/robotarm_package/build/robotarm_package -- -j8 -l8
[16.101s] Invoking command in '/home/phmar/Documents/robotarm_package/build/robotarm_package': CMAKE_PREFIX_PATH=/opt/ros/humble /usr/bin/cmake --install /home/phmar/Documents/robotarm_package/build/robotarm_package
[16.109s] -- Install configuration: ""
[16.109s] -- Installing: /home/phmar/Documents/robotarm_package/install/robotarm_package/lib/robotarm_package/image_subscriber
[16.114s] -- Set runtime path of "/home/phmar/Documents/robotarm_package/install/robotarm_package/lib/robotarm_package/image_subscriber" to ""
[16.114s] -- Up-to-date: /home/phmar/Documents/robotarm_package/install/robotarm_package/share/ament_index/resource_index/package_run_dependencies/robotarm_package
[16.114s] -- Up-to-date: /home/phmar/Documents/robotarm_package/install/robotarm_package/share/ament_index/resource_index/parent_prefix_path/robotarm_package
[16.115s] -- Up-to-date: /home/phmar/Documents/robotarm_package/install/robotarm_package/share/robotarm_package/environment/ament_prefix_path.sh
[16.115s] -- Installing: /home/phmar/Documents/robotarm_package/install/robotarm_package/share/robotarm_package/environment/ament_prefix_path.dsv
[16.115s] -- Up-to-date: /home/phmar/Documents/robotarm_package/install/robotarm_package/share/robotarm_package/environment/path.sh
[16.115s] -- Installing: /home/phmar/Documents/robotarm_package/install/robotarm_package/share/robotarm_package/environment/path.dsv
[16.115s] -- Up-to-date: /home/phmar/Documents/robotarm_package/install/robotarm_package/share/robotarm_package/local_setup.bash
[16.115s] -- Up-to-date: /home/phmar/Documents/robotarm_package/install/robotarm_package/share/robotarm_package/local_setup.sh
[16.116s] -- Up-to-date: /home/phmar/Documents/robotarm_package/install/robotarm_package/share/robotarm_package/local_setup.zsh
[16.116s] -- Installing: /home/phmar/Documents/robotarm_package/install/robotarm_package/share/robotarm_package/local_setup.dsv
[16.116s] -- Installing: /home/phmar/Documents/robotarm_package/install/robotarm_package/share/robotarm_package/package.dsv
[16.116s] -- Up-to-date: /home/phmar/Documents/robotarm_package/install/robotarm_package/share/ament_index/resource_index/packages/robotarm_package
[16.116s] -- Up-to-date: /home/phmar/Documents/robotarm_package/install/robotarm_package/share/robotarm_package/cmake/robotarm_packageConfig.cmake
[16.116s] -- Up-to-date: /home/phmar/Documents/robotarm_package/install/robotarm_package/share/robotarm_package/cmake/robotarm_packageConfig-version.cmake
[16.116s] -- Up-to-date: /home/phmar/Documents/robotarm_package/install/robotarm_package/share/robotarm_package/package.xml
[16.119s] Invoked command in '/home/phmar/Documents/robotarm_package/build/robotarm_package' returned '0': CMAKE_PREFIX_PATH=/opt/ros/humble /usr/bin/cmake --install /home/phmar/Documents/robotarm_package/build/robotarm_package
