[0.700s] DEBUG:colcon:Command line arguments: ['/usr/bin/colcon', 'build']
[0.700s] DEBUG:colcon:Parsed command line arguments: Namespace(log_base=None, log_level=None, verb_name='build', build_base='build', install_base='install', merge_install=False, symlink_install=False, test_result_base=None, continue_on_error=False, executor='parallel', parallel_workers=8, event_handlers=None, ignore_user_meta=False, metas=['./colcon.meta'], base_paths=['.'], packages_ignore=None, packages_ignore_regex=None, paths=None, packages_up_to=None, packages_up_to_regex=None, packages_above=None, packages_above_and_dependencies=None, packages_above_depth=None, packages_select_by_dep=None, packages_skip_by_dep=None, packages_skip_up_to=None, packages_select_build_failed=False, packages_skip_build_finished=False, packages_select_test_failures=False, packages_skip_test_passed=False, packages_select=None, packages_skip=None, packages_select_regex=None, packages_skip_regex=None, packages_start=None, packages_end=None, allow_overriding=[], cmake_args=None, cmake_target=None, cmake_target_skip_unavailable=False, cmake_clean_cache=False, cmake_clean_first=False, cmake_force_configure=False, ament_cmake_args=None, catkin_cmake_args=None, catkin_skip_building_tests=False, verb_parser=<colcon_defaults.argument_parser.defaults.DefaultArgumentsDecorator object at 0x7f8ae6fce680>, verb_extension=<colcon_core.verb.build.BuildVerb object at 0x7f8ae7739de0>, main=<bound method BuildVerb.main of <colcon_core.verb.build.BuildVerb object at 0x7f8ae7739de0>>)
[0.780s] Level 1:colcon.colcon_core.package_discovery:discover_packages(colcon_meta) check parameters
[0.780s] Level 1:colcon.colcon_core.package_discovery:discover_packages(recursive) check parameters
[0.781s] Level 1:colcon.colcon_core.package_discovery:discover_packages(ignore) check parameters
[0.781s] Level 1:colcon.colcon_core.package_discovery:discover_packages(path) check parameters
[0.781s] Level 1:colcon.colcon_core.package_discovery:discover_packages(colcon_meta) discover
[0.781s] Level 1:colcon.colcon_core.package_discovery:discover_packages(recursive) discover
[0.781s] INFO:colcon.colcon_core.package_discovery:Crawling recursively for packages in '/home/phmar/Documents/robotarm_package'
[0.781s] Level 1:colcon.colcon_core.package_identification:_identify(.) by extensions ['ignore', 'ignore_ament_install']
[0.781s] Level 1:colcon.colcon_core.package_identification:_identify(.) by extension 'ignore'
[0.781s] Level 1:colcon.colcon_core.package_identification:_identify(.) by extension 'ignore_ament_install'
[0.781s] Level 1:colcon.colcon_core.package_identification:_identify(.) by extensions ['colcon_pkg']
[0.781s] Level 1:colcon.colcon_core.package_identification:_identify(.) by extension 'colcon_pkg'
[0.781s] Level 1:colcon.colcon_core.package_identification:_identify(.) by extensions ['colcon_meta']
[0.781s] Level 1:colcon.colcon_core.package_identification:_identify(.) by extension 'colcon_meta'
[0.782s] Level 1:colcon.colcon_core.package_identification:_identify(.) by extensions ['ros']
[0.782s] Level 1:colcon.colcon_core.package_identification:_identify(.) by extension 'ros'
[0.802s] Level 1:colcon.colcon_core.package_identification:_identify(.) by extensions ['cmake', 'python']
[0.802s] Level 1:colcon.colcon_core.package_identification:_identify(.) by extension 'cmake'
[0.803s] Level 1:colcon.colcon_core.package_identification:_identify(.) by extension 'python'
[0.803s] Level 1:colcon.colcon_core.package_identification:_identify(.) by extensions ['python_setup_py']
[0.803s] Level 1:colcon.colcon_core.package_identification:_identify(.) by extension 'python_setup_py'
[0.803s] Level 1:colcon.colcon_core.package_identification:_identify(build) by extensions ['ignore', 'ignore_ament_install']
[0.803s] Level 1:colcon.colcon_core.package_identification:_identify(build) by extension 'ignore'
[0.803s] Level 1:colcon.colcon_core.package_identification:_identify(build) ignored
[0.803s] Level 1:colcon.colcon_core.package_identification:_identify(install) by extensions ['ignore', 'ignore_ament_install']
[0.803s] Level 1:colcon.colcon_core.package_identification:_identify(install) by extension 'ignore'
[0.803s] Level 1:colcon.colcon_core.package_identification:_identify(install) ignored
[0.804s] Level 1:colcon.colcon_core.package_identification:_identify(log) by extensions ['ignore', 'ignore_ament_install']
[0.804s] Level 1:colcon.colcon_core.package_identification:_identify(log) by extension 'ignore'
[0.804s] Level 1:colcon.colcon_core.package_identification:_identify(log) ignored
[0.804s] Level 1:colcon.colcon_core.package_identification:_identify(robotarm_package) by extensions ['ignore', 'ignore_ament_install']
[0.804s] Level 1:colcon.colcon_core.package_identification:_identify(robotarm_package) by extension 'ignore'
[0.804s] Level 1:colcon.colcon_core.package_identification:_identify(robotarm_package) by extension 'ignore_ament_install'
[0.804s] Level 1:colcon.colcon_core.package_identification:_identify(robotarm_package) by extensions ['colcon_pkg']
[0.804s] Level 1:colcon.colcon_core.package_identification:_identify(robotarm_package) by extension 'colcon_pkg'
[0.804s] Level 1:colcon.colcon_core.package_identification:_identify(robotarm_package) by extensions ['colcon_meta']
[0.804s] Level 1:colcon.colcon_core.package_identification:_identify(robotarm_package) by extension 'colcon_meta'
[0.804s] Level 1:colcon.colcon_core.package_identification:_identify(robotarm_package) by extensions ['ros']
[0.804s] Level 1:colcon.colcon_core.package_identification:_identify(robotarm_package) by extension 'ros'
[0.809s] DEBUG:colcon.colcon_core.package_identification:Package 'robotarm_package' with type 'ros.ament_cmake' and name 'robotarm_package'
[0.809s] Level 1:colcon.colcon_core.package_discovery:discover_packages(recursive) using defaults
[0.809s] Level 1:colcon.colcon_core.package_discovery:discover_packages(ignore) discover
[0.809s] Level 1:colcon.colcon_core.package_discovery:discover_packages(ignore) using defaults
[0.809s] Level 1:colcon.colcon_core.package_discovery:discover_packages(path) discover
[0.809s] Level 1:colcon.colcon_core.package_discovery:discover_packages(path) using defaults
[0.853s] Level 1:colcon.colcon_core.package_discovery:discover_packages(prefix_path) check parameters
[0.853s] Level 1:colcon.colcon_core.package_discovery:discover_packages(prefix_path) discover
[0.860s] DEBUG:colcon.colcon_installed_package_information.package_discovery:Found 277 installed packages in /opt/ros/humble
[0.864s] Level 1:colcon.colcon_core.package_discovery:discover_packages(prefix_path) using defaults
[0.981s] Level 5:colcon.colcon_core.verb:set package 'robotarm_package' build argument 'cmake_args' from command line to 'None'
[0.981s] Level 5:colcon.colcon_core.verb:set package 'robotarm_package' build argument 'cmake_target' from command line to 'None'
[0.981s] Level 5:colcon.colcon_core.verb:set package 'robotarm_package' build argument 'cmake_target_skip_unavailable' from command line to 'False'
[0.981s] Level 5:colcon.colcon_core.verb:set package 'robotarm_package' build argument 'cmake_clean_cache' from command line to 'False'
[0.981s] Level 5:colcon.colcon_core.verb:set package 'robotarm_package' build argument 'cmake_clean_first' from command line to 'False'
[0.981s] Level 5:colcon.colcon_core.verb:set package 'robotarm_package' build argument 'cmake_force_configure' from command line to 'False'
[0.981s] Level 5:colcon.colcon_core.verb:set package 'robotarm_package' build argument 'ament_cmake_args' from command line to 'None'
[0.981s] Level 5:colcon.colcon_core.verb:set package 'robotarm_package' build argument 'catkin_cmake_args' from command line to 'None'
[0.981s] Level 5:colcon.colcon_core.verb:set package 'robotarm_package' build argument 'catkin_skip_building_tests' from command line to 'False'
[0.981s] DEBUG:colcon.colcon_core.verb:Building package 'robotarm_package' with the following arguments: {'ament_cmake_args': None, 'build_base': '/home/phmar/Documents/robotarm_package/build/robotarm_package', 'catkin_cmake_args': None, 'catkin_skip_building_tests': False, 'cmake_args': None, 'cmake_clean_cache': False, 'cmake_clean_first': False, 'cmake_force_configure': False, 'cmake_target': None, 'cmake_target_skip_unavailable': False, 'install_base': '/home/phmar/Documents/robotarm_package/install/robotarm_package', 'merge_install': False, 'path': '/home/phmar/Documents/robotarm_package/robotarm_package', 'symlink_install': False, 'test_result_base': None}
[0.983s] INFO:colcon.colcon_core.executor:Executing jobs using 'parallel' executor
[0.989s] DEBUG:colcon.colcon_parallel_executor.executor.parallel:run_until_complete
[0.989s] INFO:colcon.colcon_ros.task.ament_cmake.build:Building ROS package in '/home/phmar/Documents/robotarm_package/robotarm_package' with build type 'ament_cmake'
[0.989s] INFO:colcon.colcon_cmake.task.cmake.build:Building CMake package in '/home/phmar/Documents/robotarm_package/robotarm_package'
[1.013s] INFO:colcon.colcon_core.plugin_system:Skipping extension 'colcon_core.shell.bat': Not used on non-Windows systems
[1.014s] INFO:colcon.colcon_core.shell:Skip shell extension 'powershell' for command environment: Not usable outside of PowerShell
[1.014s] DEBUG:colcon.colcon_core.shell:Skip shell extension 'dsv' for command environment
[1.029s] DEBUG:colcon.colcon_core.event_handler.log_command:Invoking command in '/home/phmar/Documents/robotarm_package/build/robotarm_package': CMAKE_PREFIX_PATH=/opt/ros/humble /usr/bin/cmake --build /home/phmar/Documents/robotarm_package/build/robotarm_package -- -j8 -l8
[17.054s] DEBUG:colcon.colcon_core.event_handler.log_command:Invoked command in '/home/phmar/Documents/robotarm_package/build/robotarm_package' returned '0': CMAKE_PREFIX_PATH=/opt/ros/humble /usr/bin/cmake --build /home/phmar/Documents/robotarm_package/build/robotarm_package -- -j8 -l8
[17.091s] DEBUG:colcon.colcon_core.event_handler.log_command:Invoking command in '/home/phmar/Documents/robotarm_package/build/robotarm_package': CMAKE_PREFIX_PATH=/opt/ros/humble /usr/bin/cmake --install /home/phmar/Documents/robotarm_package/build/robotarm_package
[17.107s] Level 1:colcon.colcon_core.environment:create_environment_scripts_only(robotarm_package)
[17.109s] DEBUG:colcon.colcon_core.event_handler.log_command:Invoked command in '/home/phmar/Documents/robotarm_package/build/robotarm_package' returned '0': CMAKE_PREFIX_PATH=/opt/ros/humble /usr/bin/cmake --install /home/phmar/Documents/robotarm_package/build/robotarm_package
[17.119s] Level 1:colcon.colcon_core.environment:checking '/home/phmar/Documents/robotarm_package/install/robotarm_package' for CMake module files
[17.120s] Level 1:colcon.colcon_core.environment:checking '/home/phmar/Documents/robotarm_package/install/robotarm_package' for CMake config files
[17.121s] Level 1:colcon.colcon_core.shell:create_environment_hook('robotarm_package', 'cmake_prefix_path')
[17.123s] INFO:colcon.colcon_core.shell:Creating environment hook '/home/phmar/Documents/robotarm_package/install/robotarm_package/share/robotarm_package/hook/cmake_prefix_path.ps1'
[17.124s] INFO:colcon.colcon_core.shell:Creating environment descriptor '/home/phmar/Documents/robotarm_package/install/robotarm_package/share/robotarm_package/hook/cmake_prefix_path.dsv'
[17.125s] INFO:colcon.colcon_core.shell:Creating environment hook '/home/phmar/Documents/robotarm_package/install/robotarm_package/share/robotarm_package/hook/cmake_prefix_path.sh'
[17.127s] Level 1:colcon.colcon_core.environment:checking '/home/phmar/Documents/robotarm_package/install/robotarm_package/lib'
[17.127s] Level 1:colcon.colcon_core.environment:checking '/home/phmar/Documents/robotarm_package/install/robotarm_package/bin'
[17.127s] Level 1:colcon.colcon_core.environment:checking '/home/phmar/Documents/robotarm_package/install/robotarm_package/lib/pkgconfig/robotarm_package.pc'
[17.127s] Level 1:colcon.colcon_core.environment:checking '/home/phmar/Documents/robotarm_package/install/robotarm_package/lib/python3.10/site-packages'
[17.128s] Level 1:colcon.colcon_core.environment:checking '/home/phmar/Documents/robotarm_package/install/robotarm_package/bin'
[17.130s] INFO:colcon.colcon_core.shell:Creating package script '/home/phmar/Documents/robotarm_package/install/robotarm_package/share/robotarm_package/package.ps1'
[17.132s] INFO:colcon.colcon_core.shell:Creating package descriptor '/home/phmar/Documents/robotarm_package/install/robotarm_package/share/robotarm_package/package.dsv'
[17.133s] INFO:colcon.colcon_core.shell:Creating package script '/home/phmar/Documents/robotarm_package/install/robotarm_package/share/robotarm_package/package.sh'
[17.134s] INFO:colcon.colcon_core.shell:Creating package script '/home/phmar/Documents/robotarm_package/install/robotarm_package/share/robotarm_package/package.bash'
[17.136s] INFO:colcon.colcon_core.shell:Creating package script '/home/phmar/Documents/robotarm_package/install/robotarm_package/share/robotarm_package/package.zsh'
[17.137s] Level 1:colcon.colcon_core.environment:create_file_with_runtime_dependencies(/home/phmar/Documents/robotarm_package/install/robotarm_package/share/colcon-core/packages/robotarm_package)
[17.164s] Level 1:colcon.colcon_core.environment:create_environment_scripts_only(robotarm_package)
[17.168s] Level 1:colcon.colcon_core.environment:checking '/home/phmar/Documents/robotarm_package/install/robotarm_package' for CMake module files
[17.169s] Level 1:colcon.colcon_core.environment:checking '/home/phmar/Documents/robotarm_package/install/robotarm_package' for CMake config files
[17.169s] Level 1:colcon.colcon_core.shell:create_environment_hook('robotarm_package', 'cmake_prefix_path')
[17.172s] INFO:colcon.colcon_core.shell:Creating environment hook '/home/phmar/Documents/robotarm_package/install/robotarm_package/share/robotarm_package/hook/cmake_prefix_path.ps1'
[17.172s] INFO:colcon.colcon_core.shell:Creating environment descriptor '/home/phmar/Documents/robotarm_package/install/robotarm_package/share/robotarm_package/hook/cmake_prefix_path.dsv'
[17.172s] INFO:colcon.colcon_core.shell:Creating environment hook '/home/phmar/Documents/robotarm_package/install/robotarm_package/share/robotarm_package/hook/cmake_prefix_path.sh'
[17.173s] Level 1:colcon.colcon_core.environment:checking '/home/phmar/Documents/robotarm_package/install/robotarm_package/lib'
[17.173s] Level 1:colcon.colcon_core.environment:checking '/home/phmar/Documents/robotarm_package/install/robotarm_package/bin'
[17.173s] Level 1:colcon.colcon_core.environment:checking '/home/phmar/Documents/robotarm_package/install/robotarm_package/lib/pkgconfig/robotarm_package.pc'
[17.174s] Level 1:colcon.colcon_core.environment:checking '/home/phmar/Documents/robotarm_package/install/robotarm_package/lib/python3.10/site-packages'
[17.174s] Level 1:colcon.colcon_core.environment:checking '/home/phmar/Documents/robotarm_package/install/robotarm_package/bin'
[17.177s] INFO:colcon.colcon_core.shell:Creating package script '/home/phmar/Documents/robotarm_package/install/robotarm_package/share/robotarm_package/package.ps1'
[17.177s] INFO:colcon.colcon_core.shell:Creating package descriptor '/home/phmar/Documents/robotarm_package/install/robotarm_package/share/robotarm_package/package.dsv'
[17.178s] INFO:colcon.colcon_core.shell:Creating package script '/home/phmar/Documents/robotarm_package/install/robotarm_package/share/robotarm_package/package.sh'
[17.178s] INFO:colcon.colcon_core.shell:Creating package script '/home/phmar/Documents/robotarm_package/install/robotarm_package/share/robotarm_package/package.bash'
[17.179s] INFO:colcon.colcon_core.shell:Creating package script '/home/phmar/Documents/robotarm_package/install/robotarm_package/share/robotarm_package/package.zsh'
[17.179s] Level 1:colcon.colcon_core.environment:create_file_with_runtime_dependencies(/home/phmar/Documents/robotarm_package/install/robotarm_package/share/colcon-core/packages/robotarm_package)
[17.179s] DEBUG:colcon.colcon_parallel_executor.executor.parallel:closing loop
[17.180s] DEBUG:colcon.colcon_parallel_executor.executor.parallel:loop closed
[17.180s] DEBUG:colcon.colcon_parallel_executor.executor.parallel:run_until_complete finished with '0'
[17.180s] DEBUG:colcon.colcon_core.event_reactor:joining thread
[17.187s] INFO:colcon.colcon_core.plugin_system:Skipping extension 'colcon_notification.desktop_notification.terminal_notifier': Not used on non-Darwin systems
[17.188s] INFO:colcon.colcon_core.plugin_system:Skipping extension 'colcon_notification.desktop_notification.win32': Not used on non-Windows systems
[17.188s] INFO:colcon.colcon_notification.desktop_notification:Sending desktop notification using 'notify2'
[17.211s] DEBUG:colcon.colcon_core.event_reactor:joined thread
[17.213s] INFO:colcon.colcon_core.shell:Creating prefix script '/home/phmar/Documents/robotarm_package/install/local_setup.ps1'
[17.215s] INFO:colcon.colcon_core.shell:Creating prefix util module '/home/phmar/Documents/robotarm_package/install/_local_setup_util_ps1.py'
[17.218s] INFO:colcon.colcon_core.shell:Creating prefix chain script '/home/phmar/Documents/robotarm_package/install/setup.ps1'
[17.220s] INFO:colcon.colcon_core.shell:Creating prefix script '/home/phmar/Documents/robotarm_package/install/local_setup.sh'
[17.221s] INFO:colcon.colcon_core.shell:Creating prefix util module '/home/phmar/Documents/robotarm_package/install/_local_setup_util_sh.py'
[17.222s] INFO:colcon.colcon_core.shell:Creating prefix chain script '/home/phmar/Documents/robotarm_package/install/setup.sh'
[17.224s] INFO:colcon.colcon_core.shell:Creating prefix script '/home/phmar/Documents/robotarm_package/install/local_setup.bash'
[17.225s] INFO:colcon.colcon_core.shell:Creating prefix chain script '/home/phmar/Documents/robotarm_package/install/setup.bash'
[17.228s] INFO:colcon.colcon_core.shell:Creating prefix script '/home/phmar/Documents/robotarm_package/install/local_setup.zsh'
[17.229s] INFO:colcon.colcon_core.shell:Creating prefix chain script '/home/phmar/Documents/robotarm_package/install/setup.zsh'
