[0.059s] Invoking command in '/home/phmar/Documents/robotarm_package/build/robotarm_package': CMAKE_PREFIX_PATH=/opt/ros/humble /usr/bin/cmake /home/phmar/Documents/robotarm_package/robotarm_package -DCMAKE_INSTALL_PREFIX=/home/phmar/Documents/robotarm_package/install/robotarm_package
[0.316s] -- The C compiler identification is GNU 11.3.0
[0.604s] -- The CXX compiler identification is GNU 11.3.0
[0.652s] -- Detecting C compiler ABI info
[0.964s] -- Detecting C compiler ABI info - done
[1.034s] -- Check for working C compiler: /usr/bin/cc - skipped
[1.035s] -- Detecting C compile features
[1.038s] -- Detecting C compile features - done
[1.065s] -- Detecting CXX compiler ABI info
[1.430s] -- Detecting CXX compiler ABI info - done
[1.503s] -- Check for working CXX compiler: /usr/bin/c++ - skipped
[1.504s] -- Detecting CXX compile features
[1.507s] -- Detecting CXX compile features - done
[1.524s] -- Found ament_cmake: 1.3.3 (/opt/ros/humble/share/ament_cmake/cmake)
[2.488s] -- Found Python3: /usr/bin/python3.10 (found version "3.10.6") found components: Interpreter 
[3.005s] -- Found ament_lint_auto: 0.12.5 (/opt/ros/humble/share/ament_lint_auto/cmake)
[3.455s] -- Added test 'lint_cmake' to check CMake code style
[3.462s] -- Added test 'xmllint' to check XML markup files
[3.470s] -- Configuring done
[3.489s] -- Generating done
[3.495s] -- Build files have been written to: /home/phmar/Documents/robotarm_package/build/robotarm_package
[3.516s] Invoked command in '/home/phmar/Documents/robotarm_package/build/robotarm_package' returned '0': CMAKE_PREFIX_PATH=/opt/ros/humble /usr/bin/cmake /home/phmar/Documents/robotarm_package/robotarm_package -DCMAKE_INSTALL_PREFIX=/home/phmar/Documents/robotarm_package/install/robotarm_package
[3.526s] Invoking command in '/home/phmar/Documents/robotarm_package/build/robotarm_package': CMAKE_PREFIX_PATH=/opt/ros/humble /usr/bin/cmake --build /home/phmar/Documents/robotarm_package/build/robotarm_package -- -j8 -l8
[3.681s] Invoked command in '/home/phmar/Documents/robotarm_package/build/robotarm_package' returned '0': CMAKE_PREFIX_PATH=/opt/ros/humble /usr/bin/cmake --build /home/phmar/Documents/robotarm_package/build/robotarm_package -- -j8 -l8
[3.801s] Invoking command in '/home/phmar/Documents/robotarm_package/build/robotarm_package': CMAKE_PREFIX_PATH=/opt/ros/humble /usr/bin/cmake --install /home/phmar/Documents/robotarm_package/build/robotarm_package
[3.830s] -- Install configuration: ""
[3.839s] -- Installing: /home/phmar/Documents/robotarm_package/install/robotarm_package/share/ament_index/resource_index/package_run_dependencies/robotarm_package
[3.840s] -- Installing: /home/phmar/Documents/robotarm_package/install/robotarm_package/share/ament_index/resource_index/parent_prefix_path/robotarm_package
[3.841s] -- Installing: /home/phmar/Documents/robotarm_package/install/robotarm_package/share/robotarm_package/environment/ament_prefix_path.sh
[3.842s] -- Installing: /home/phmar/Documents/robotarm_package/install/robotarm_package/share/robotarm_package/environment/ament_prefix_path.dsv
[3.842s] -- Installing: /home/phmar/Documents/robotarm_package/install/robotarm_package/share/robotarm_package/environment/path.sh
[3.843s] -- Installing: /home/phmar/Documents/robotarm_package/install/robotarm_package/share/robotarm_package/environment/path.dsv
[3.844s] -- Installing: /home/phmar/Documents/robotarm_package/install/robotarm_package/share/robotarm_package/local_setup.bash
[3.844s] -- Installing: /home/phmar/Documents/robotarm_package/install/robotarm_package/share/robotarm_package/local_setup.sh
[3.845s] -- Installing: /home/phmar/Documents/robotarm_package/install/robotarm_package/share/robotarm_package/local_setup.zsh
[3.846s] -- Installing: /home/phmar/Documents/robotarm_package/install/robotarm_package/share/robotarm_package/local_setup.dsv
[3.847s] -- Installing: /home/phmar/Documents/robotarm_package/install/robotarm_package/share/robotarm_package/package.dsv
[3.848s] -- Installing: /home/phmar/Documents/robotarm_package/install/robotarm_package/share/ament_index/resource_index/packages/robotarm_package
[3.849s] -- Installing: /home/phmar/Documents/robotarm_package/install/robotarm_package/share/robotarm_package/cmake/robotarm_packageConfig.cmake
[3.850s] -- Installing: /home/phmar/Documents/robotarm_package/install/robotarm_package/share/robotarm_package/cmake/robotarm_packageConfig-version.cmake
[3.851s] -- Installing: /home/phmar/Documents/robotarm_package/install/robotarm_package/share/robotarm_package/package.xml
[3.863s] Invoked command in '/home/phmar/Documents/robotarm_package/build/robotarm_package' returned '0': CMAKE_PREFIX_PATH=/opt/ros/humble /usr/bin/cmake --install /home/phmar/Documents/robotarm_package/build/robotarm_package
